2026-06-20T11:18:59.3328529Z,Updating submodules.,6c8cd473-0776-4128-9dad-afd4cb16f29d,0
2026-06-20T11:19:00.4527007Z,Preparing deployment for commit id 'f40b7138-1'.,cb4b6beb-32b7-45d5-8070-2bcbc151b880,0
2026-06-20T11:19:00.8296796Z,PreDeployment: context.CleanOutputPath False,882fd4bd-b344-4ba0-9992-3d499f75a674,0
2026-06-20T11:19:00.9520303Z,PreDeployment: context.OutputPath /home/site/wwwroot,06d38cbe-aa9b-4afc-b709-be14358175a0,0
2026-06-20T11:19:01.0998233Z,Repository path is /tmp/zipdeploy/extracted,daa1ed63-8833-472a-844f-e88ed5d697cb,0
2026-06-20T11:19:01.2257771Z,Running oryx build...,02599fc1-faa1-45a6-b290-bdd65cd06d79,0
	2026-06-20T11:19:01.2437720Z,Command: oryx build /tmp/zipdeploy/extracted -o /home/site/wwwroot --platform nodejs --platform-version 22 -p virtualenv_name= --log-file /tmp/build-debug.log  -i /tmp/8decebdba7dec45 -p compress_node_modules=tar-gz | tee /tmp/oryx-build.log,,0
	2026-06-20T11:19:03.9509850Z,Operation performed by Microsoft Oryx&comma; https://github.com/Microsoft/Oryx,,0
	2026-06-20T11:19:04.0131388Z,You can report issues at https://github.com/Microsoft/Oryx/issues,,0
	2026-06-20T11:19:04.0419937Z,,,0
	2026-06-20T11:19:04.0925996Z,Oryx Version: 0.2.20260513.1+5c94136d0d5c06204a00d688dc7aea902452e52c&comma; Commit: 5c94136d0d5c06204a00d688dc7aea902452e52c&comma; ReleaseTagName: 20260513.1,,0
	2026-06-20T11:19:04.1336707Z,,,0
	2026-06-20T11:19:04.1915640Z,Build Operation ID: d58c5e5232187c18,,0
	2026-06-20T11:19:04.2140222Z,Repository Commit : f40b7138-1072-4cf5-8a39-fd7dc0d7170b,,0
	2026-06-20T11:19:04.2843557Z,OS Type           : bookworm,,0
	2026-06-20T11:19:04.3343767Z,Image Type        : githubactions,,0
	2026-06-20T11:19:04.3736419Z,,,0
	2026-06-20T11:19:04.4030186Z,Primary SDK Storage URL: https://oryx-cdn.microsoft.io,,0
	2026-06-20T11:19:04.4928674Z,Backup SDK Storage URL: ,,0
	2026-06-20T11:19:04.5856226Z,ACR SDK Registry URL: (not set),,0
	2026-06-20T11:19:04.6561571Z,SDK provider status:,,0
	2026-06-20T11:19:04.6837114Z,  External ACR SDK provider: Enabled,,0
	2026-06-20T11:19:04.7261554Z,  External SDK provider: Enabled,,0
	2026-06-20T11:19:04.7771023Z,  Direct ACR SDK provider: Disabled,,0
	2026-06-20T11:19:04.8370856Z,  Blob SDK provider: Enabled,,0
	2026-06-20T11:19:04.8878985Z,External ACR SDK provider is enabled. Only using user-specified platform: nodejs,,0
	2026-06-20T11:19:04.9264034Z,Detecting platforms...,,0
	2026-06-20T11:19:16.1002590Z,External ACR provider resolved version '22.22.2' for nodejs.,,0
	2026-06-20T11:19:16.2094180Z,Version resolved using external ACR SDK provider.,,0
	2026-06-20T11:19:16.3205779Z,Detected following platforms:,,0
	2026-06-20T11:19:16.3421985Z,  nodejs: 22.22.2,,0
	2026-06-20T11:19:16.4300492Z,Requesting SDK from ACR via external provider: nodejs 22.22.2 (bookworm),,0
	2026-06-20T11:19:20.0604617Z,Successfully pulled SDK from ACR via external provider: nodejs 22.22.2,,0
	2026-06-20T11:19:20.1586049Z,SDK for 'nodejs' version '22.22.2' fetched via external ACR provider.,,0
	2026-06-20T11:19:20.2098361Z,Version '22.22.2' of platform 'nodejs' is not installed. Generating script to install it...,,0
	2026-06-20T11:19:21.1062260Z,Detected the following frameworks: Typescript&comma;Next.js,,0
	2026-06-20T11:19:22.3018175Z,,,0
	2026-06-20T11:19:22.4539566Z,Using intermediate directory '/tmp/8decebdba7dec45'.,,0
	2026-06-20T11:19:22.5030418Z,,,0
	2026-06-20T11:19:22.5136293Z,Copying files to the intermediate directory...,,0
	2026-06-20T11:19:22.8353970Z,Copying files to intermediate directory done in 0 sec(s).,,0
	2026-06-20T11:19:22.8957047Z,,,0
	2026-06-20T11:19:22.9560526Z,Source directory     : /tmp/8decebdba7dec45,,0
	2026-06-20T11:19:22.9961636Z,Destination directory: /home/site/wwwroot,,0
	2026-06-20T11:19:23.0673809Z,,,0
	2026-06-20T11:19:23.0982821Z,Installing platform...,,0
	2026-06-20T11:19:23.1587532Z,,,0
	2026-06-20T11:19:23.1967672Z,Downloading and extracting 'nodejs' version '22.22.2' to '/tmp/oryx/platforms/nodejs/22.22.2'...,,0
	2026-06-20T11:19:23.2291917Z,Detected image debian flavor: bookworm.,,0
	2026-06-20T11:19:23.3188502Z,SDK binary download was skipped. Looking for cached tarball...,,0
	2026-06-20T11:19:23.4006955Z,Found tarball at /var/OryxAcrSdks/nodejs/nodejs-bookworm-22.22.2.tar.gz,,0
	2026-06-20T11:19:34.8568631Z,Successfully extracted nodejs version 22.22.2 from cached tarball.,,0
	2026-06-20T11:19:34.9685686Z,,,0
	2026-06-20T11:19:34.9991748Z,Platform installation done in 12 sec(s).,,0
	2026-06-20T11:19:36.3557352Z,Running build script snippets...,,0
	2026-06-20T11:19:36.4067031Z,Removing existing manifest file,,0
	2026-06-20T11:19:36.4682913Z,Creating directory for command manifest file if it does not exist,,0
	2026-06-20T11:19:36.4983453Z,Creating a manifest file...,,0
	2026-06-20T11:19:36.5779837Z,Node Build Command Manifest file created.,,0
	2026-06-20T11:19:36.6790738Z,,,0
	2026-06-20T11:19:36.6999894Z,Using Node version:,,0
	2026-06-20T11:19:36.7302462Z,v22.22.2,,0
	2026-06-20T11:19:36.8082678Z,,,0
	2026-06-20T11:19:36.8493761Z,Using Npm version:,,0
	2026-06-20T11:19:39.1253302Z,10.9.7,,0
	2026-06-20T11:19:39.3153509Z,,,0
	2026-06-20T11:19:39.3455850Z,Running 'npm install'...,,0
	2026-06-20T11:19:39.3857215Z,,,0
	2026-06-20T11:21:08.7847127Z,,,0
	2026-06-20T11:21:08.8236884Z,added 40 packages&comma; and audited 41 packages in 1m,,0
	2026-06-20T11:21:08.8838050Z,,,0
	2026-06-20T11:21:08.9051549Z,8 packages are looking for funding,,0
	2026-06-20T11:21:08.9661109Z,  run `npm fund` for details,,0
	2026-06-20T11:21:09.1656791Z,,,0
	2026-06-20T11:21:09.1963327Z,2 moderate severity vulnerabilities,,0
	2026-06-20T11:21:09.2057508Z,npm notice,,1
	2026-06-20T11:21:09.2269760Z,,,0
	2026-06-20T11:21:09.2754423Z,npm notice New major version of npm available! 10.9.7 -> 11.17.0,,1
	2026-06-20T11:21:09.3071981Z,To address all issues (including breaking changes)&comma; run:,,0
	2026-06-20T11:21:09.3170138Z,npm notice Changelog: https://github.com/npm/cli/releases/tag/v11.17.0,,1
	2026-06-20T11:21:09.3972457Z,  npm audit fix --force,,0
	2026-06-20T11:21:09.4171828Z,npm notice To update run: npm install -g npm@11.17.0,,1
	2026-06-20T11:21:09.4491672Z,,,0
	2026-06-20T11:21:09.4777580Z,npm notice,,1
	2026-06-20T11:21:09.5193749Z,Run `npm audit` for details.,,0
	2026-06-20T11:21:09.7213913Z,,,0
	2026-06-20T11:21:09.7790259Z,Running 'npm run build'...,,0
	2026-06-20T11:21:09.8104674Z,,,0
	2026-06-20T11:21:10.6363374Z,,,0
	2026-06-20T11:21:10.6483542Z,> temp-next-app@0.1.0 build,,0
	2026-06-20T11:21:10.6986298Z,> next build,,0
	2026-06-20T11:21:10.7496749Z,,,0
	2026-06-20T11:21:14.6561377Z,Attention: Next.js now collects completely anonymous telemetry regarding usage.,,0
	2026-06-20T11:21:14.7368660Z,This information is used to shape Next.js' roadmap and prioritize features.,,0
	2026-06-20T11:21:14.7844011Z,You can learn more&comma; including how to opt-out if you'd not like to participate in this anonymous program&comma; by visiting the following URL:,,0
	2026-06-20T11:21:14.8256502Z,https://nextjs.org/telemetry,,0
	2026-06-20T11:21:14.8571230Z,,,0
	2026-06-20T11:21:14.9268586Z,▲ Next.js 16.2.9 (Turbopack),,0
	2026-06-20T11:21:15.0493760Z,- Environments: .env.local,,0
	2026-06-20T11:21:15.0795828Z,,,0
	2026-06-20T11:21:15.3499356Z,  Creating an optimized production build ...,,0
	2026-06-20T11:23:40.1785802Z,,,1
	2026-06-20T11:23:40.2675143Z,> Build error occurred,,1
	2026-06-20T11:23:40.3481615Z,Error: Turbopack build failed with 1 errors:,,1
	2026-06-20T11:23:40.3895710Z,./src/app/globals.css,,1
	2026-06-20T11:23:40.4609708Z,Error evaluating Node.js code,,1
	2026-06-20T11:23:40.5694388Z,Error: Cannot find module '@tailwindcss/postcss',,1
	2026-06-20T11:23:40.6599608Z,Require stack:,,1
	2026-06-20T11:23:40.7208095Z,- /tmp/8decebdba7dec45/.next/build/chunks/[root-of-the-server]__0oj80bi._.js,,1
	2026-06-20T11:23:40.7520858Z,- /tmp/8decebdba7dec45/.next/build/chunks/[turbopack]_runtime.js,,1
	2026-06-20T11:23:40.8300451Z,- /tmp/8decebdba7dec45/.next/build/56416d4ae4ce586f.js,,1
	2026-06-20T11:23:40.8909140Z,    [at Function._resolveFilename (node:internal/modules/cjs/loader:1383:15)],,1
	2026-06-20T11:23:40.9124165Z,    [at defaultResolveImpl (node:internal/modules/cjs/loader:1025:19)],,1
	2026-06-20T11:23:40.9919739Z,    [at resolveForCJSWithHooks (node:internal/modules/cjs/loader:1030:22)],,1
	2026-06-20T11:23:41.0428666Z,    [at Function._load (node:internal/modules/cjs/loader:1192:37)],,1
	2026-06-20T11:23:41.1128292Z,    [at TracingChannel.traceSync (node:diagnostics_channel:328:14)],,1
	2026-06-20T11:23:41.1641882Z,    [at wrapModuleLoad (node:internal/modules/cjs/loader:237:24)],,1
	2026-06-20T11:23:41.2328848Z,    [at Module.require (node:internal/modules/cjs/loader:1463:12)],,1
	2026-06-20T11:23:41.2955045Z,    [at require (node:internal/modules/helpers:147:16)],,1
	2026-06-20T11:23:41.3839973Z,    at require (turbopack:///[turbopack-node]/transforms/postcss.ts:49:25) [/tmp/8decebdba7dec45/.next/build/chunks/[root-of-the-server]__0oj80bi._.js:134:33],,1
	2026-06-20T11:23:41.4641056Z,    [at <anonymous>],,1
	2026-06-20T11:23:41.4973530Z,,,1
	2026-06-20T11:23:41.5368926Z,Import trace:,,1
	2026-06-20T11:23:41.6072966Z,  Client Component Browser:,,1
	2026-06-20T11:23:41.6578479Z,    ./src/app/globals.css [Client Component Browser],,1
	2026-06-20T11:23:41.7268028Z,    ./src/app/layout.tsx [Server Component],,1
	2026-06-20T11:23:41.7566485Z,,,1
	2026-06-20T11:23:41.7781589Z,,,1
	2026-06-20T11:23:41.7968191Z,    at require (turbopack:///[turbopack-node]/transforms/postcss.ts:49:25) [/tmp/8decebdba7dec45/.next/build/chunks/[root-of-the-server]__0oj80bi._.js:134:33]),,1
	2026-06-20T11:23:42.8637908Z,npm notice\nnpm notice New major version of npm available! 10.9.7 -> 11.17.0\nnpm notice Changelog: https://github.com/npm/cli/releases/tag/v11.17.0\nnpm notice To update run: npm install -g npm@11.17.0\nnpm notice\n\n> Build error occurred\nError: Turbopack build failed with 1 errors:\n./src/app/globals.css\nError evaluating Node.js code\nError: Cannot find module '@tailwindcss/postcss'\nRequire stack:\n- /tmp/8decebdba7dec45/.next/build/chunks/[root-of-the-server]__0oj80bi._.js\n- /tmp/8decebdba7dec45/.next/build/chunks/[turbopack]_runtime.js\n- /tmp/8decebdba7dec45/.next/build/56416d4ae4ce586f.js\n    [at Function._resolveFilename (node:internal/modules/cjs/loader:1383:15)]\n    [at defaultResolveImpl (node:internal/modules/cjs/loader:1025:19)]\n    [at resolveForCJSWithHooks (node:internal/modules/cjs/loader:1030:22)]\n    [at Function._load (node:internal/modules/cjs/loader:1192:37)]\n    [at TracingChannel.traceSync (node:diagnostics_channel:328:14)]\n    [at wrapModuleLoad (node:internal/modules/cjs/loader:237:24)]\n    [at Module.require (node:internal/modules/cjs/loader:1463:12)]\n    [at require (node:internal/modules/helpers:147:16)]\n    at require (turbopack:///[turbopack-node]/transforms/postcss.ts:49:25) [/tmp/8decebdba7dec45/.next/build/chunks/[root-of-the-server]__0oj80bi._.js:134:33]\n    [at <anonymous>]\n\nImport trace:\n  Client Component Browser:\n    ./src/app/globals.css [Client Component Browser]\n    ./src/app/layout.tsx [Server Component]\n\n\n    at require (turbopack:///[turbopack-node]/transforms/postcss.ts:49:25) [/tmp/8decebdba7dec45/.next/build/chunks/[root-of-the-server]__0oj80bi._.js:134:33])\n/bin/bash -c "oryx build /tmp/zipdeploy/extracted -o /home/site/wwwroot --platform nodejs --platform-version 22 -p virtualenv_name= --log-file /tmp/build-debug.log  -i /tmp/8decebdba7dec45 -p compress_node_modules=tar-gz | tee /tmp/oryx-build.log ; exit $PIPESTATUS ",,2
2026-06-20T11:23:43.1037463Z,,d20595d7-2bfd-4721-8f99-719304da6ce9,0
2026-06-20T11:23:43.1956511Z,Generating summary of Oryx build,23bb2e41-497e-4af1-95ed-2fe6e4d407f8,0
2026-06-20T11:23:43.3623913Z,Parsing the build logs,6c8f3f40-5a5e-45d5-b9cd-c5b6bccf0209,0
2026-06-20T11:23:43.4861410Z,Found 0 issue(s),775728f3-8252-4b77-b3df-87b8c3835daa,0
2026-06-20T11:23:43.5933666Z,,e90869e4-e135-43c9-8465-14cac5024cce,0
2026-06-20T11:23:43.6861338Z,Build Summary :,fcae2620-a4a8-4d6b-99dc-1f2eb9f346af,0
2026-06-20T11:23:43.8033303Z,===============,c4332926-bbfe-4b21-82b6-f0628ee39136,0
2026-06-20T11:23:43.9349615Z,Errors (0),ac8f55bc-3b65-44ef-be72-d5352ffb6ecb,0
2026-06-20T11:23:44.1608528Z,Warnings (0),b2e57af1-fa08-4b5a-b14a-05247ac4a063,0
2026-06-20T11:23:44.2583756Z,,12de69a0-250e-48f5-92e9-48ece06474eb,0
2026-06-20T11:23:44.6186578Z,Deployment Failed. deployer = OneDeploy deploymentPath = OneDeploy,d525928f-ee46-438e-bf9a-c2ac9770518d,0
